{"uuid":"60b82b13-d283-4461-8a5d-70f1549d83bd","historyId":"e4247f50a07bc4367b9672d8fd1ccb1e","fullName":"Controlmdb.TesterYouTestCase","labels":[{"name":"package","value":"Controlmdb"},{"name":"testClass","value":"Controlmdb"},{"name":"testMethod","value":"TesterYouTestCase"},{"name":"parentSuite","value":"Default Suite"},{"name":"suite","value":"testerYou"},{"name":"subSuite","value":"Controlmdb"},{"name":"host","value":"hasangunduzs-MacBook-Pro.local"},{"name":"thread","value":"25218@hasangunduzs-MacBook-Pro.local.main(1)"},{"name":"framework","value":"testng"},{"name":"language","value":"java"},{"name":"epic","value":"Trendyol'da; Kayıtlı kullanıcı ile login olma."},{"name":"story","value":"Kullanıcının 'Giriş yap' butonuna tıklayıp, Login işlemlerini gerçekleştirmesi beklenir."}],"links":[],"name":"TesterYouTestCase","status":"failed","statusDetails":{"known":false,"muted":false,"flaky":false,"message":"Error while scrolling to the element : ","trace":"java.lang.AssertionError: Error while scrolling to the element : \n\tat org.testng.Assert.fail(Assert.java:98)\n\tat com.utility.Log.fail(Log.java:44)\n\tat com.basepages.SeleniumBasePage.scrollToElementBlockCenter(SeleniumBasePage.java:25)\n\tat com.testpages.ImdbScenairo.stepByStepCreate(ImdbScenairo.java:85)\n\tat Controlmdb.TesterYouTestCase(Controlmdb.java:22)\n\tat java.base/jdk.internal.reflect.NativeMethodAccessorImpl.invoke0(Native Method)\n\tat java.base/jdk.internal.reflect.NativeMethodAccessorImpl.invoke(NativeMethodAccessorImpl.java:77)\n\tat java.base/jdk.internal.reflect.DelegatingMethodAccessorImpl.invoke(DelegatingMethodAccessorImpl.java:43)\n\tat java.base/java.lang.reflect.Method.invoke(Method.java:568)\n\tat org.testng.internal.invokers.MethodInvocationHelper.invokeMethod(MethodInvocationHelper.java:135)\n\tat org.testng.internal.invokers.TestInvoker.invokeMethod(TestInvoker.java:673)\n\tat org.testng.internal.invokers.TestInvoker.invokeTestMethod(TestInvoker.java:220)\n\tat org.testng.internal.invokers.MethodRunner.runInSequence(MethodRunner.java:50)\n\tat org.testng.internal.invokers.TestInvoker$MethodInvocationAgent.invoke(TestInvoker.java:945)\n\tat org.testng.internal.invokers.TestInvoker.invokeTestMethods(TestInvoker.java:193)\n\tat org.testng.internal.invokers.TestMethodWorker.invokeTestMethods(TestMethodWorker.java:146)\n\tat org.testng.internal.invokers.TestMethodWorker.run(TestMethodWorker.java:128)\n\tat java.base/java.util.ArrayList.forEach(ArrayList.java:1511)\n\tat org.testng.TestRunner.privateRun(TestRunner.java:808)\n\tat org.testng.TestRunner.run(TestRunner.java:603)\n\tat org.testng.SuiteRunner.runTest(SuiteRunner.java:429)\n\tat org.testng.SuiteRunner.runSequentially(SuiteRunner.java:423)\n\tat org.testng.SuiteRunner.privateRun(SuiteRunner.java:383)\n\tat org.testng.SuiteRunner.run(SuiteRunner.java:326)\n\tat org.testng.SuiteRunnerWorker.runSuite(SuiteRunnerWorker.java:52)\n\tat org.testng.SuiteRunnerWorker.run(SuiteRunnerWorker.java:95)\n\tat org.testng.TestNG.runSuitesSequentially(TestNG.java:1249)\n\tat org.testng.TestNG.runSuitesLocally(TestNG.java:1169)\n\tat org.testng.TestNG.runSuites(TestNG.java:1092)\n\tat org.testng.TestNG.run(TestNG.java:1060)\n\tat com.intellij.rt.testng.IDEARemoteTestNG.run(IDEARemoteTestNG.java:66)\n\tat com.intellij.rt.testng.RemoteTestNGStarter.main(RemoteTestNGStarter.java:109)\nCaused by: java.lang.NullPointerException: Cannot invoke \"org.openqa.selenium.JavascriptExecutor.executeScript(String, Object[])\" because \"js\" is null\n\tat com.basepages.SeleniumBasePage.scrollToElementBlockCenter(SeleniumBasePage.java:22)\n\t... 29 more\n"},"stage":"finished","description":"Navigate olunur, Üyelik tabına gidilir ve Email, Password, checkBox ve Gender alanları doldurulup işaretlenir.","steps":[{"name":"IMDB Web sitesi açıldı.","status":"passed","stage":"finished","steps":[],"attachments":[],"parameters":[],"start":1650228728734,"stop":1650228728735},{"name":"Menü butonuna tıklandı.","status":"passed","stage":"finished","steps":[],"attachments":[],"parameters":[],"start":1650228735860,"stop":1650228735860},{"name":"Oscars butonuna tıklandı.","status":"passed","stage":"finished","steps":[],"attachments":[],"parameters":[],"start":1650228742316,"stop":1650228742316},{"name":"Event history cardından 1929'a tıklandı.","status":"passed","stage":"finished","steps":[],"attachments":[],"parameters":[],"start":1650228748412,"stop":1650228748412},{"name":"Error while scrolling to the element : [com.basepages.SeleniumBasePage.scrollToElementBlockCenter(SeleniumBasePage.java:22), com.testpages.ImdbScenairo.stepByStepCreate(ImdbScenairo.java:85), Controlmdb.TesterYouTestCase(Controlmdb.java:22), java.base/jdk.internal.reflect.NativeMethodAccessorImpl.invoke0(Native Method), java.base/jdk.internal.reflect.NativeMethodAccessorImpl.invoke(NativeMethodAccessorImpl.java:77), java.base/jdk.internal.reflect.DelegatingMethodAccessorImpl.invoke(DelegatingMethodAccessorImpl.java:43), java.base/java.lang.reflect.Method.invoke(Method.java:568), org.testng.internal.invokers.MethodInvocationHelper.invokeMethod(MethodInvocationHelper.java:135), org.testng.internal.invokers.TestInvoker.invokeMethod(TestInvoker.java:673), org.testng.internal.invokers.TestInvoker.invokeTestMethod(TestInvoker.java:220), org.testng.internal.invokers.MethodRunner.runInSequence(MethodRunner.java:50), org.testng.internal.invokers.TestInvoker$MethodInvocationAgent.invoke(TestInvoker.java:945), org.testng.internal.invokers.TestInvoker.invokeTestMethods(TestInvoker.java:193), org.testng.internal.invokers.TestMethodWorker.invokeTestMethods(TestMethodWorker.java:146), org.testng.internal.invokers.TestMethodWorker.run(TestMethodWorker.java:128), java.base/java.util.ArrayList.forEach(ArrayList.java:1511), org.testng.TestRunner.privateRun(TestRunner.java:808), org.testng.TestRunner.run(TestRunner.java:603), org.testng.SuiteRunner.runTest(SuiteRunner.java:429), org.testng.SuiteRunner.runSequentially(SuiteRunner.java:423), org.testng.SuiteRunner.privateRun(SuiteRunner.java:383), org.testng.SuiteRunner.run(SuiteRunner.java:326), org.testng.SuiteRunnerWorker.runSuite(SuiteRunnerWorker.java:52), org.testng.SuiteRunnerWorker.run(SuiteRunnerWorker.java:95), org.testng.TestNG.runSuitesSequentially(TestNG.java:1249), org.testng.TestNG.runSuitesLocally(TestNG.java:1169), org.testng.TestNG.runSuites(TestNG.java:1092), org.testng.TestNG.run(TestNG.java:1060), com.intellij.rt.testng.IDEARemoteTestNG.run(IDEARemoteTestNG.java:66), com.intellij.rt.testng.RemoteTestNGStarter.main(RemoteTestNGStarter.java:109)]","status":"failed","stage":"finished","steps":[],"attachments":[],"parameters":[],"start":1650228754463,"stop":1650228754463}],"attachments":[],"parameters":[{"name":"addUrlPlugin","value":""}],"start":1650228723277,"stop":1650228769031}