{"uuid":"9f662b75-c2f3-406c-b894-6c94739c2a0e","historyId":"f470fc406951af274a3d26d791cd05aa","fullName":"HepsiBuradaLogin.HepsiBuradaTestCase","labels":[{"name":"package","value":"HepsiBuradaLogin"},{"name":"testClass","value":"HepsiBuradaLogin"},{"name":"testMethod","value":"HepsiBuradaTestCase"},{"name":"parentSuite","value":"Default Suite"},{"name":"suite","value":"CaseStudy"},{"name":"subSuite","value":"HepsiBuradaLogin"},{"name":"host","value":"hasangunduzs-MacBook-Pro.local"},{"name":"thread","value":"38804@hasangunduzs-MacBook-Pro.local.main(1)"},{"name":"framework","value":"testng"},{"name":"language","value":"java"},{"name":"epic","value":"Trendyol'da; Kayıtlı kullanıcı ile login olma."},{"name":"story","value":"Kullanıcının 'Giriş yap' butonuna tıklayıp, Login işlemlerini gerçekleştirmesi beklenir."}],"links":[],"name":"HepsiBuradaTestCase","status":"failed","statusDetails":{"known":false,"muted":false,"flaky":false,"message":"Error while getting text of element: ","trace":"java.lang.AssertionError: Error while getting text of element: \n\tat org.testng.Assert.fail(Assert.java:98)\n\tat com.utility.Log.fail(Log.java:44)\n\tat com.basepages.SeleniumBasePage.getTextOfElement(SeleniumBasePage.java:40)\n\tat com.basepages.SeleniumBasePage.scrollToElement(SeleniumBasePage.java:46)\n\tat com.testpages.HepsiBuradaPage.btnLogin(HepsiBuradaPage.java:52)\n\tat HepsiBuradaLogin.HepsiBuradaTestCase(HepsiBuradaLogin.java:23)\n\tat java.base/jdk.internal.reflect.NativeMethodAccessorImpl.invoke0(Native Method)\n\tat java.base/jdk.internal.reflect.NativeMethodAccessorImpl.invoke(NativeMethodAccessorImpl.java:77)\n\tat java.base/jdk.internal.reflect.DelegatingMethodAccessorImpl.invoke(DelegatingMethodAccessorImpl.java:43)\n\tat java.base/java.lang.reflect.Method.invoke(Method.java:568)\n\tat org.testng.internal.invokers.MethodInvocationHelper.invokeMethod(MethodInvocationHelper.java:135)\n\tat org.testng.internal.invokers.TestInvoker.invokeMethod(TestInvoker.java:673)\n\tat org.testng.internal.invokers.TestInvoker.invokeTestMethod(TestInvoker.java:220)\n\tat org.testng.internal.invokers.MethodRunner.runInSequence(MethodRunner.java:50)\n\tat org.testng.internal.invokers.TestInvoker$MethodInvocationAgent.invoke(TestInvoker.java:945)\n\tat org.testng.internal.invokers.TestInvoker.invokeTestMethods(TestInvoker.java:193)\n\tat org.testng.internal.invokers.TestMethodWorker.invokeTestMethods(TestMethodWorker.java:146)\n\tat org.testng.internal.invokers.TestMethodWorker.run(TestMethodWorker.java:128)\n\tat java.base/java.util.ArrayList.forEach(ArrayList.java:1511)\n\tat org.testng.TestRunner.privateRun(TestRunner.java:808)\n\tat org.testng.TestRunner.run(TestRunner.java:603)\n\tat org.testng.SuiteRunner.runTest(SuiteRunner.java:429)\n\tat org.testng.SuiteRunner.runSequentially(SuiteRunner.java:423)\n\tat org.testng.SuiteRunner.privateRun(SuiteRunner.java:383)\n\tat org.testng.SuiteRunner.run(SuiteRunner.java:326)\n\tat org.testng.SuiteRunnerWorker.runSuite(SuiteRunnerWorker.java:52)\n\tat org.testng.SuiteRunnerWorker.run(SuiteRunnerWorker.java:95)\n\tat org.testng.TestNG.runSuitesSequentially(TestNG.java:1249)\n\tat org.testng.TestNG.runSuitesLocally(TestNG.java:1169)\n\tat org.testng.TestNG.runSuites(TestNG.java:1092)\n\tat org.testng.TestNG.run(TestNG.java:1060)\n\tat com.intellij.rt.testng.IDEARemoteTestNG.run(IDEARemoteTestNG.java:66)\n\tat com.intellij.rt.testng.RemoteTestNGStarter.main(RemoteTestNGStarter.java:109)\nCaused by: org.openqa.selenium.NoSuchElementException: no such element: Unable to locate element: {\"method\":\"xpath\",\"selector\":\"//div[@id= 'login']\"}\n  (Session info: chrome=100.0.4896.60)\nFor documentation on this error, please visit: https://selenium.dev/exceptions/#no_such_element\nBuild info: version: '4.1.3', revision: '7b1ebf28ef'\nSystem info: host: 'hasangunduzs-MacBook-Pro.local', ip: 'fe80:0:0:0:1c63:d7f9:ff24:bd9b%en0', os.name: 'Mac OS X', os.arch: 'x86_64', os.version: '12.0.1', java.version: '17.0.2'\nDriver info: org.openqa.selenium.chrome.ChromeDriver\nCommand: [d928747db0b024f0cbbe24555ee3a493, findElement {using=xpath, value=//div[@id= 'login']}]\nCapabilities {acceptInsecureCerts: false, browserName: chrome, browserVersion: 100.0.4896.60, chrome: {chromedriverVersion: 100.0.4896.60 (6a5d10861ce8..., userDataDir: /var/folders/tj/rxjbl17d72z...}, goog:chromeOptions: {debuggerAddress: localhost:62330}, javascriptEnabled: true, networkConnectionEnabled: false, pageLoadStrategy: normal, platform: MAC, platformName: MAC, proxy: Proxy(), se:cdp: ws://localhost:62330/devtoo..., se:cdpVersion: 100.0.4896.60, setWindowRect: true, strictFileInteractability: false, timeouts: {implicit: 0, pageLoad: 300000, script: 30000}, unhandledPromptBehavior: dismiss and notify, webauthn:extension:credBlob: true, webauthn:extension:largeBlob: true, webauthn:virtualAuthenticators: true}\nSession ID: d928747db0b024f0cbbe24555ee3a493\n\tat java.base/jdk.internal.reflect.NativeConstructorAccessorImpl.newInstance0(Native Method)\n\tat java.base/jdk.internal.reflect.NativeConstructorAccessorImpl.newInstance(NativeConstructorAccessorImpl.java:77)\n\tat java.base/jdk.internal.reflect.DelegatingConstructorAccessorImpl.newInstance(DelegatingConstructorAccessorImpl.java:45)\n\tat java.base/java.lang.reflect.Constructor.newInstanceWithCaller(Constructor.java:499)\n\tat java.base/java.lang.reflect.Constructor.newInstance(Constructor.java:480)\n\tat org.openqa.selenium.remote.codec.w3c.W3CHttpResponseCodec.createException(W3CHttpResponseCodec.java:200)\n\tat org.openqa.selenium.remote.codec.w3c.W3CHttpResponseCodec.decode(W3CHttpResponseCodec.java:133)\n\tat org.openqa.selenium.remote.codec.w3c.W3CHttpResponseCodec.decode(W3CHttpResponseCodec.java:53)\n\tat org.openqa.selenium.remote.HttpCommandExecutor.execute(HttpCommandExecutor.java:184)\n\tat org.openqa.selenium.remote.service.DriverCommandExecutor.invokeExecute(DriverCommandExecutor.java:167)\n\tat org.openqa.selenium.remote.service.DriverCommandExecutor.execute(DriverCommandExecutor.java:142)\n\tat org.openqa.selenium.remote.RemoteWebDriver.execute(RemoteWebDriver.java:567)\n\tat org.openqa.selenium.remote.ElementLocation$ElementFinder$2.findElement(ElementLocation.java:162)\n\tat org.openqa.selenium.remote.ElementLocation.findElement(ElementLocation.java:60)\n\tat org.openqa.selenium.remote.RemoteWebDriver.findElement(RemoteWebDriver.java:385)\n\tat org.openqa.selenium.remote.RemoteWebDriver.findElement(RemoteWebDriver.java:377)\n\tat org.openqa.selenium.support.pagefactory.DefaultElementLocator.findElement(DefaultElementLocator.java:70)\n\tat org.openqa.selenium.support.pagefactory.internal.LocatingElementHandler.invoke(LocatingElementHandler.java:39)\n\tat jdk.proxy2/jdk.proxy2.$Proxy25.getText(Unknown Source)\n\tat com.basepages.SeleniumBasePage.getTextOfElement(SeleniumBasePage.java:37)\n\t... 30 more\n"},"stage":"finished","description":"Navigate olunur, Üyelik tabına gidilir ve Email, Password, checkBox ve Gender alanları doldurulup işaretlenir.","steps":[{"name":"HepsiBurada Web sitesi açıldı.","status":"passed","stage":"finished","steps":[],"attachments":[],"parameters":[],"start":1649015223610,"stop":1649015223611},{"name":"403","status":"passed","stage":"finished","steps":[],"attachments":[],"parameters":[],"start":1649015228684,"stop":1649015228684},{"name":"Header kısmındaki ; Giriş yap butonuna tıklandı.","status":"passed","stage":"finished","steps":[],"attachments":[],"parameters":[],"start":1649015235887,"stop":1649015235887},{"name":"Giriş Yap\nveya üye ol\nGiriş Yap\nÜye Ol\nSiparişlerim\nHepsipay Cüzdanım\nKullanıcı Bilgilerim\nDeğerlendirmelerim\nBeğendiklerim\nTüm Listelerim\nHediye Çeklerim\nDestek Taleplerim","status":"passed","stage":"finished","steps":[],"attachments":[],"parameters":[],"start":1649015236594,"stop":1649015236594},{"name":"Error while getting text of element: [java.base/jdk.internal.reflect.NativeConstructorAccessorImpl.newInstance0(Native Method), java.base/jdk.internal.reflect.NativeConstructorAccessorImpl.newInstance(NativeConstructorAccessorImpl.java:77), java.base/jdk.internal.reflect.DelegatingConstructorAccessorImpl.newInstance(DelegatingConstructorAccessorImpl.java:45), java.base/java.lang.reflect.Constructor.newInstanceWithCaller(Constructor.java:499), java.base/java.lang.reflect.Constructor.newInstance(Constructor.java:480), org.openqa.selenium.remote.codec.w3c.W3CHttpResponseCodec.createException(W3CHttpResponseCodec.java:200), org.openqa.selenium.remote.codec.w3c.W3CHttpResponseCodec.decode(W3CHttpResponseCodec.java:133), org.openqa.selenium.remote.codec.w3c.W3CHttpResponseCodec.decode(W3CHttpResponseCodec.java:53), org.openqa.selenium.remote.HttpCommandExecutor.execute(HttpCommandExecutor.java:184), org.openqa.selenium.remote.service.DriverCommandExecutor.invokeExecute(DriverCommandExecutor.java:167), org.openqa.selenium.remote.service.DriverCommandExecutor.execute(DriverCommandExecutor.java:142), org.openqa.selenium.remote.RemoteWebDriver.execute(RemoteWebDriver.java:567), org.openqa.selenium.remote.ElementLocation$ElementFinder$2.findElement(ElementLocation.java:162), org.openqa.selenium.remote.ElementLocation.findElement(ElementLocation.java:60), org.openqa.selenium.remote.RemoteWebDriver.findElement(RemoteWebDriver.java:385), org.openqa.selenium.remote.RemoteWebDriver.findElement(RemoteWebDriver.java:377), org.openqa.selenium.support.pagefactory.DefaultElementLocator.findElement(DefaultElementLocator.java:70), org.openqa.selenium.support.pagefactory.internal.LocatingElementHandler.invoke(LocatingElementHandler.java:39), jdk.proxy2/jdk.proxy2.$Proxy25.getText(Unknown Source), com.basepages.SeleniumBasePage.getTextOfElement(SeleniumBasePage.java:37), com.basepages.SeleniumBasePage.scrollToElement(SeleniumBasePage.java:46), com.testpages.HepsiBuradaPage.btnLogin(HepsiBuradaPage.java:52), HepsiBuradaLogin.HepsiBuradaTestCase(HepsiBuradaLogin.java:23), java.base/jdk.internal.reflect.NativeMethodAccessorImpl.invoke0(Native Method), java.base/jdk.internal.reflect.NativeMethodAccessorImpl.invoke(NativeMethodAccessorImpl.java:77), java.base/jdk.internal.reflect.DelegatingMethodAccessorImpl.invoke(DelegatingMethodAccessorImpl.java:43), java.base/java.lang.reflect.Method.invoke(Method.java:568), org.testng.internal.invokers.MethodInvocationHelper.invokeMethod(MethodInvocationHelper.java:135), org.testng.internal.invokers.TestInvoker.invokeMethod(TestInvoker.java:673), org.testng.internal.invokers.TestInvoker.invokeTestMethod(TestInvoker.java:220), org.testng.internal.invokers.MethodRunner.runInSequence(MethodRunner.java:50), org.testng.internal.invokers.TestInvoker$MethodInvocationAgent.invoke(TestInvoker.java:945), org.testng.internal.invokers.TestInvoker.invokeTestMethods(TestInvoker.java:193), org.testng.internal.invokers.TestMethodWorker.invokeTestMethods