{"uuid":"fbe4550e-d199-4ae7-9e16-0bc549c07ec5","historyId":"e4247f50a07bc4367b9672d8fd1ccb1e","fullName":"Controlmdb.TesterYouTestCase","labels":[{"name":"package","value":"Controlmdb"},{"name":"testClass","value":"Controlmdb"},{"name":"testMethod","value":"TesterYouTestCase"},{"name":"parentSuite","value":"Default Suite"},{"name":"suite","value":"testerYou"},{"name":"subSuite","value":"Controlmdb"},{"name":"host","value":"hasangunduzs-MacBook-Pro.local"},{"name":"thread","value":"53256@hasangunduzs-MacBook-Pro.local.main(1)"},{"name":"framework","value":"testng"},{"name":"language","value":"java"}],"links":[],"name":"TesterYouTestCase","status":"failed","statusDetails":{"known":false,"muted":false,"flaky":false,"message":"Error while scrolling to the element : ","trace":"java.lang.AssertionError: Error while scrolling to the element : \n\tat org.testng.Assert.fail(Assert.java:98)\n\tat com.utility.Log.fail(Log.java:44)\n\tat com.basepages.SeleniumBasePage.scrollToElementBlockCenter(SeleniumBasePage.java:25)\n\tat com.testpages.ImdbScenairo.stepByStepCreate(ImdbScenairo.java:112)\n\tat Controlmdb.TesterYouTestCase(Controlmdb.java:16)\n\tat java.base/jdk.internal.reflect.NativeMethodAccessorImpl.invoke0(Native Method)\n\tat java.base/jdk.internal.reflect.NativeMethodAccessorImpl.invoke(NativeMethodAccessorImpl.java:77)\n\tat java.base/jdk.internal.reflect.DelegatingMethodAccessorImpl.invoke(DelegatingMethodAccessorImpl.java:43)\n\tat java.base/java.lang.reflect.Method.invoke(Method.java:568)\n\tat org.testng.internal.invokers.MethodInvocationHelper.invokeMethod(MethodInvocationHelper.java:135)\n\tat org.testng.internal.invokers.TestInvoker.invokeMethod(TestInvoker.java:673)\n\tat org.testng.internal.invokers.TestInvoker.invokeTestMethod(TestInvoker.java:220)\n\tat org.testng.internal.invokers.MethodRunner.runInSequence(MethodRunner.java:50)\n\tat org.testng.internal.invokers.TestInvoker$MethodInvocationAgent.invoke(TestInvoker.java:945)\n\tat org.testng.internal.invokers.TestInvoker.invokeTestMethods(TestInvoker.java:193)\n\tat org.testng.internal.invokers.TestMethodWorker.invokeTestMethods(TestMethodWorker.java:146)\n\tat org.testng.internal.invokers.TestMethodWorker.run(TestMethodWorker.java:128)\n\tat java.base/java.util.ArrayList.forEach(ArrayList.java:1511)\n\tat org.testng.TestRunner.privateRun(TestRunner.java:808)\n\tat org.testng.TestRunner.run(TestRunner.java:603)\n\tat org.testng.SuiteRunner.runTest(SuiteRunner.java:429)\n\tat org.testng.SuiteRunner.runSequentially(SuiteRunner.java:423)\n\tat org.testng.SuiteRunner.privateRun(SuiteRunner.java:383)\n\tat org.testng.SuiteRunner.run(SuiteRunner.java:326)\n\tat org.testng.SuiteRunnerWorker.runSuite(SuiteRunnerWorker.java:52)\n\tat org.testng.SuiteRunnerWorker.run(SuiteRunnerWorker.java:95)\n\tat org.testng.TestNG.runSuitesSequentially(TestNG.java:1249)\n\tat org.testng.TestNG.runSuitesLocally(TestNG.java:1169)\n\tat org.testng.TestNG.runSuites(TestNG.java:1092)\n\tat org.testng.TestNG.run(TestNG.java:1060)\n\tat com.intellij.rt.testng.IDEARemoteTestNG.run(IDEARemoteTestNG.java:66)\n\tat com.intellij.rt.testng.RemoteTestNGStarter.main(RemoteTestNGStarter.java:109)\nCaused by: java.lang.NullPointerException: Cannot invoke \"org.openqa.selenium.JavascriptExecutor.executeScript(String, Object[])\" because \"js\" is null\n\tat com.basepages.SeleniumBasePage.scrollToElementBlockCenter(SeleniumBasePage.java:22)\n\t... 29 more\n"},"stage":"finished","steps":[{"name":"IMDB Web sitesi açıldı.","status":"passed","stage":"finished","steps":[],"attachments":[],"parameters":[],"start":1650701445593,"stop":1650701445594},{"name":"Menü butonuna tıklandı.","status":"passed","stage":"finished","steps":[],"attachments":[],"parameters":[],"start":1650701448843,"stop":1650701448843},{"name":"Oscars butonuna tıklandı.","status":"passed","stage":"finished","steps":[],"attachments":[],"parameters":[],"start":1650701453749,"stop":1650701453749},{"name":"Event history cardından 1929'a tıklandı.","status":"passed","stage":"finished","steps":[],"attachments":[],"parameters":[],"start":1650701456185,"stop":1650701456185},{"name":"The jazz singer'a tıklandı.","status":"passed","stage":"finished","steps":[],"attachments":[],"parameters":[],"start":1650701459465,"stop":1650701459465},{"name":"Director\nAlan Crosland","status":"passed","stage":"finished","steps":[],"attachments":[],"parameters":[],"start":1650701459501,"stop":1650701459501},{"name":"Writers\nSamson RaphaelsonAlfred A. CohnJack Jarmuth","status":"passed","stage":"finished","steps":[],"attachments":[],"parameters":[],"start":1650701459539,"stop":1650701459539},{"name":"Stars\nAl JolsonMay McAvoyWarner Oland","status":"passed","stage":"finished","steps":[],"attachments":[],"parameters":[],"start":1650701459675,"stop":1650701459675},{"name":"imdb butonuna tıklanarak anasayfaya gidilir.","status":"passed","stage":"finished","steps":[],"attachments":[],"parameters":[],"start":1650701462298,"stop":1650701462298},{"name":"Arama çubuğuna The jazz singer girildi.","status":"passed","stage":"finished","steps":[],"attachments":[],"parameters":[],"start":1650701465293,"stop":1650701465293},{"name":"Resultta The jazz singer tıklandı.","status":"passed","stage":"finished","steps":[],"attachments":[],"parameters":[],"start":1650701468496,"stop":1650701468496},{"name":"Search result ile modal üzerinden geldiğimizde içerik :  true","status":"passed","stage":"finished","steps":[],"attachments":[],"parameters":[],"start":1650701468501,"stop":1650701468501},{"name":"Search result ile modal üzerinden geldiğimizde içerik :  true","status":"passed","stage":"finished","steps":[],"attachments":[],"parameters":[],"start":1650701468501,"stop":1650701468501},{"name":"Search result ile modal üzerinden geldiğimizde içerik :  true","status":"passed","stage":"finished","steps":[],"attachments":[],"parameters":[],"start":1650701468502,"stop":1650701468502},{"name":"Error while scrolling to the element : [com.basepages.SeleniumBasePage.scrollToElementBlockCenter(SeleniumBasePage.java:22), com.testpages.ImdbScenairo.stepByStepCreate(ImdbScenairo.java:112), Controlmdb.TesterYouTestCase(Controlmdb.java:16), java.base/jdk.internal.reflect.NativeMethodAccessorImpl.invoke0(Native Method), java.base/jdk.internal.reflect.NativeMethodAccessorImpl.invoke(NativeMethodAccessorImpl.java:77), java.base/jdk.internal.reflect.DelegatingMethodAccessorImpl.invoke(DelegatingMethodAccessorImpl.java:43), java.base/java.lang.reflect.Method.invoke(Method.java:568), org.testng.internal.invokers.MethodInvocationHelper.invokeMethod(MethodInvocationHelper.java:135), org.testng.internal.invokers.TestInvoker.invokeMethod(TestInvoker.java:673), org.testng.internal.invokers.TestInvoker.invokeTestMethod(TestInvoker.java:220), org.testng.internal.invokers.MethodRunner.runInSequence(MethodRunner.java:50), org.testng.internal.invokers.TestInvoker$MethodInvocationAgent.invoke(TestInvoker.java:945), org.testng.internal.invokers.TestInvoker.invokeTestMethods(TestInvoker.java:193), org.testng.internal.invokers.TestMethodWorker.invokeTestMethods(TestMethodWorker.java:146), org.testng.internal.invokers.TestMethodWorker.run(TestMethodWorker.java:128), java.base/java.util.ArrayList.forEach(ArrayList.java:1511), org.testng.TestRunner.privateRun(TestRunner.java:808), org.testng.TestRunner.run(TestRunner.java:603), org.testng.SuiteRunner.runTest(SuiteRunner.java:429), org.testng.SuiteRunner.runSequentially(SuiteRunner.java:423), org.testng.SuiteRunner.privateRun(SuiteRunner.java:383), org.testng.SuiteRunner.run(SuiteRunner.java:326), org.testng.SuiteRunnerWorker.runSuite(SuiteRunnerWorker.java:52), org.testng.SuiteRunnerWorker.run(SuiteRunnerWorker.java:95), org.testng.TestNG.runSuitesSequentially(TestNG.java:1249), org.testng.TestNG.runSuitesLocally(TestNG.java:1169), org.testng.TestNG.runSuites(TestNG.java:1092), org.testng.TestNG.run(TestNG.java:1060), com.intellij.rt.testng.IDEARemoteTestNG.run(IDEARemoteTestNG.java:66), com.intellij.rt.testng.RemoteTestNGStarter.main(RemoteTestNGStarter.java:109)]","status":"failed","stage":"finished","steps":[],"attachments":[],"parameters":[],"start":1650701472450,"stop":1650701472450}],"attachments":[],"parameters":[{"name":"addUrlPlugin","value":""}],"start":1650701440404,"stop":1650701727826}